  ABD_Portfolio.cpp
C:\Users\82103\Desktop\ABD_Portfolio\ABD_Portfolio\ABD_Portfolio.cpp(115,24): warning C4838: 'float'에서 'LONG'(으)로의 변환에는 축소 변환이 필요합니다.
C:\Users\82103\Desktop\ABD_Portfolio\ABD_Portfolio\ABD_Portfolio.cpp(115,24): warning C4244: '초기화 중': 'float'에서 'LONG'(으)로 변환하면서 데이터가 손실될 수 있습니다.
C:\Users\82103\Desktop\ABD_Portfolio\ABD_Portfolio\ABD_Portfolio.cpp(115,35): warning C4838: 'float'에서 'LONG'(으)로의 변환에는 축소 변환이 필요합니다.
C:\Users\82103\Desktop\ABD_Portfolio\ABD_Portfolio\ABD_Portfolio.cpp(115,35): warning C4244: '초기화 중': 'float'에서 'LONG'(으)로 변환하면서 데이터가 손실될 수 있습니다.
  Program.cpp
  ConstBuffer.cpp
  IndexBuffer.cpp
C:\Users\82103\Desktop\ABD_Portfolio\ABD_Portfolio\Render\Buffer\IndexBuffer.cpp(8,51): warning C4267: '=': 'size_t'에서 'UINT'(으)로 변환하면서 데이터가 손실될 수 있습니다.
  VertexBuffer.cpp
  PixelShader.cpp
  Shader.cpp
  VertexShader.cpp
  TutorialScene.cpp
C:\Users\82103\Desktop\ABD_Portfolio\ABD_Portfolio\Scene\TutorialScene.cpp(124,33): warning C4267: '인수': 'size_t'에서 'UINT'(으)로 변환하면서 데이터가 손실될 수 있습니다.
C:\Users\82103\Desktop\ABD_Portfolio\ABD_Portfolio\Render\Buffer\VertexBuffer.h(27,45): warning C4267: '=': 'size_t'에서 'UINT'(으)로 변환하면서 데이터가 손실될 수 있습니다.
C:\Users\82103\Desktop\ABD_Portfolio\ABD_Portfolio\Scene\TutorialScene.cpp(26,37): message : 컴파일되는 함수 템플릿 인스턴스화 'VertexBuffer::VertexBuffer<VertexColor>(std::vector<VertexColor,std::allocator<VertexColor>> &)'에 대한 참조를 확인하세요.
  Device.cpp
C:\Users\82103\Desktop\ABD_Portfolio\ABD_Portfolio\System\Device.cpp(24,39): warning C4244: '=': 'float'에서 'UINT'(으)로 변환하면서 데이터가 손실될 수 있습니다.
C:\Users\82103\Desktop\ABD_Portfolio\ABD_Portfolio\System\Device.cpp(25,39): warning C4244: '=': 'float'에서 'UINT'(으)로 변환하면서 데이터가 손실될 수 있습니다.
  framework.cpp
  ABD_Portfolio.vcxproj -> C:\Users\82103\Desktop\ABD_Portfolio\x64\Debug\ABD_Portfolio.exe
